{
  "RSpec": {
    "coverage": {
      "/Users/mikesilvis/Documents/Hungry-Academy/projects/hackchat.in/services/hackchat/lib/hackchat.rb": [
        1,
        1,
        1,
        1,
        1,
        null,
        1,
        null,
        1,
        1,
        null,
        1,
        6,
        null,
        null,
        1,
        null,
        1,
        6,
        6,
        null,
        null,
        1,
        0,
        0,
        null,
        null,
        null,
        1,
        4,
        null,
        null,
        null
      ],
      "/Users/mikesilvis/Documents/Hungry-Academy/projects/hackchat.in/services/hackchat/lib/hackchat/permission.rb": [
        1,
        null,
        1,
        7,
        null,
        null,
        1,
        0,
        0,
        null,
        null,
        1,
        1,
        null,
        null,
        null,
        1,
        null,
        null,
        1,
        1,
        1,
        null,
        null,
        1,
        3,
        null,
        null,
        null,
        3,
        null,
        null,
        1,
        2,
        null,
        null,
        2,
        null,
        null,
        null
      ],
      "/Users/mikesilvis/Documents/Hungry-Academy/projects/hackchat.in/services/hackchat/lib/hackchat/user.rb": [
        1,
        null,
        1,
        1,
        null,
        null,
        1,
        1,
        1,
        null,
        null,
        1,
        0,
        0,
        null,
        null,
        null
      ],
      "/Users/mikesilvis/Documents/Hungry-Academy/projects/hackchat.in/services/hackchat/spec/user_room_spec.rb": [
        1,
        null,
        1,
        2,
        2,
        2,
        2,
        null,
        1,
        1,
        1,
        1,
        1,
        null,
        null,
        null
      ],
      "/Users/mikesilvis/Documents/Hungry-Academy/projects/hackchat.in/services/hackchat/spec/user_spec.rb": [
        1,
        null,
        1,
        3,
        3,
        null,
        1,
        1,
        1,
        0,
        0,
        null,
        null,
        null,
        1,
        1,
        1,
        0,
        0,
        null,
        null,
        null,
        null
      ]
    },
    "timestamp": 1339074166
  }
}
